[backblue.gif]
[fade.gif]
[index.html]
[slowroads.io/favicon_circle.svg]
[slowroads.io/img.jpg]
[slowroads.io/manifest.json]
[slowroads.io/alea.min.js]
[slowroads.io/static/css/main.8b77de6a.chunk.css]
[slowroads.io/static/js/2.feea8a5f.chunk.js]
[slowroads.io/index.html]
[slowroads.io/favicon_circle.svg]
[slowroads.io/static/js/main.ca6b3355.chunk.js]
[slowroads.io/static/media/topo-square-25.cd7675a0.png]
[slowroads.io/static/media/topo-square-50.f77c3cfe.png]
[slowroads.io/static/media/topo_square.f6d19013.png]
[slowroads.io/static/media/topo-square.f230fa4a.png]
[slowroads.io/static/css/main.8b77de6a.chunk.css]
[slowroads.io/static/media/Dosis.3e75d17d.html]
[slowroads.io/static/media/ShareTech.8b302ac6.html]
[slowroads.io/static/media/Jura.8b933881.html]
